<?xml version="1.0" encoding="UTF-8"?>
<!-- Generated by org.testng.reporters.JUnitXMLReporter -->
<testsuite hostname="LAPTOP-EFL0NV1G" ignored="0" name="Default test" tests="12" failures="0" timestamp="2021-09-17T08:04:16 IST" time="93.438" errors="0">
  <testcase name="launchBrowser" time="7.013" classname="com.sgtesting.testngexamples.TestNGDemo7"/>
  <testcase name="navigate" time="9.503" classname="com.sgtesting.testngexamples.TestNGDemo7"/>
  <testcase name="login" time="4.587" classname="com.sgtesting.testngexamples.TestNGDemo7"/>
  <testcase name="minimizeFlyoutWindow" time="2.133" classname="com.sgtesting.testngexamples.TestNGDemo7"/>
  <testcase name="createCustomer" time="6.078" classname="com.sgtesting.testngexamples.TestNGDemo7"/>
  <testcase name="createProject" time="13.017" classname="com.sgtesting.testngexamples.TestNGDemo7"/>
  <testcase name="createTask" time="16.791" classname="com.sgtesting.testngexamples.TestNGDemo7"/>
  <testcase name="deleteTask" time="16.578" classname="com.sgtesting.testngexamples.TestNGDemo7"/>
  <testcase name="deleteProject" time="8.559" classname="com.sgtesting.testngexamples.TestNGDemo7"/>
  <testcase name="deleteCustomerser" time="6.464" classname="com.sgtesting.testngexamples.TestNGDemo7"/>
  <testcase name="logout" time="2.413" classname="com.sgtesting.testngexamples.TestNGDemo7"/>
  <testcase name="close" time="0.174" classname="com.sgtesting.testngexamples.TestNGDemo7"/>
</testsuite> <!-- Default test -->
