<?xml version="1.0" encoding="UTF-8"?>
<!-- Generated by org.testng.reporters.JUnitXMLReporter -->
<testsuite hostname="LAPTOP-EFL0NV1G" ignored="0" name="user to tasks" tests="65" failures="0" timestamp="2021-09-17T14:37:29 IST" time="18437.115" errors="0">
  <testcase name="launchBrowser" time="5.189" classname="com.sgtesting.testngexamples.TestNGDemo1"/>
  <testcase name="navigate" time="6.356" classname="com.sgtesting.testngexamples.TestNGDemo1"/>
  <testcase name="login" time="8.85" classname="com.sgtesting.testngexamples.TestNGDemo1"/>
  <testcase name="login" time="8.702" classname="com.sgtesting.testngexamples.TestNGDemo1"/>
  <testcase name="login" time="8.659" classname="com.sgtesting.testngexamples.TestNGDemo1"/>
  <testcase name="closeApplication" time="0.371" classname="com.sgtesting.testngexamples.TestNGDemo1"/>
  <testcase name="launchBrowser" time="5.487" classname="com.sgtesting.testngexamples.TestNGDemo2"/>
  <testcase name="navigate" time="6.448" classname="com.sgtesting.testngexamples.TestNGDemo2"/>
  <testcase name="login" time="4.455" classname="com.sgtesting.testngexamples.TestNGDemo2"/>
  <testcase name="minimizeFlyoutWindow" time="2.166" classname="com.sgtesting.testngexamples.TestNGDemo2"/>
  <testcase name="createUser" time="7.48" classname="com.sgtesting.testngexamples.TestNGDemo2"/>
  <testcase name="modifyUser" time="5.407" classname="com.sgtesting.testngexamples.TestNGDemo2"/>
  <testcase name="deleteUser" time="5.844" classname="com.sgtesting.testngexamples.TestNGDemo2"/>
  <testcase name="logout" time="3.46" classname="com.sgtesting.testngexamples.TestNGDemo2"/>
  <testcase name="close" time="0.317" classname="com.sgtesting.testngexamples.TestNGDemo2"/>
  <testcase name="launchBrowser" time="4.819" classname="com.sgtesting.testngexamples.TestNGDemo3"/>
  <testcase name="navigate" time="6.345" classname="com.sgtesting.testngexamples.TestNGDemo3"/>
  <testcase name="login" time="4.442" classname="com.sgtesting.testngexamples.TestNGDemo3"/>
  <testcase name="minimizeFlyoutWindow" time="2.137" classname="com.sgtesting.testngexamples.TestNGDemo3"/>
  <testcase name="createCustomer" time="6.213" classname="com.sgtesting.testngexamples.TestNGDemo3"/>
  <testcase name="deleteCustomerser" time="7.013" classname="com.sgtesting.testngexamples.TestNGDemo3"/>
  <testcase name="logout" time="2.725" classname="com.sgtesting.testngexamples.TestNGDemo3"/>
  <testcase name="close" time="0.382" classname="com.sgtesting.testngexamples.TestNGDemo3"/>
  <testcase name="launchBrowser" time="4.259" classname="com.sgtesting.testngexamples.TestNGDemo4"/>
  <testcase name="navigate" time="6.361" classname="com.sgtesting.testngexamples.TestNGDemo4"/>
  <testcase name="login" time="4.484" classname="com.sgtesting.testngexamples.TestNGDemo4"/>
  <testcase name="minimizeFlyoutWindow" time="2.166" classname="com.sgtesting.testngexamples.TestNGDemo4"/>
  <testcase name="createCustomer" time="6.101" classname="com.sgtesting.testngexamples.TestNGDemo4"/>
  <testcase name="modifyCustomer" time="13.467" classname="com.sgtesting.testngexamples.TestNGDemo4"/>
  <testcase name="deleteCustomerser" time="6.912" classname="com.sgtesting.testngexamples.TestNGDemo4"/>
  <testcase name="logout" time="2.864" classname="com.sgtesting.testngexamples.TestNGDemo4"/>
  <testcase name="close" time="0.386" classname="com.sgtesting.testngexamples.TestNGDemo4"/>
  <testcase name="launchBrowser" time="4.823" classname="com.sgtesting.testngexamples.TestNGDemo5"/>
  <testcase name="navigate" time="6.403" classname="com.sgtesting.testngexamples.TestNGDemo5"/>
  <testcase name="login" time="4.492" classname="com.sgtesting.testngexamples.TestNGDemo5"/>
  <testcase name="minimizeFlyoutWindow" time="2.156" classname="com.sgtesting.testngexamples.TestNGDemo5"/>
  <testcase name="createCustomer" time="5.727" classname="com.sgtesting.testngexamples.TestNGDemo5"/>
  <testcase name="createProject" time="13.345" classname="com.sgtesting.testngexamples.TestNGDemo5"/>
  <testcase name="deleteProject" time="9.169" classname="com.sgtesting.testngexamples.TestNGDemo5"/>
  <testcase name="deleteCustomerser" time="6.791" classname="com.sgtesting.testngexamples.TestNGDemo5"/>
  <testcase name="logout" time="2.86" classname="com.sgtesting.testngexamples.TestNGDemo5"/>
  <testcase name="close" time="0.202" classname="com.sgtesting.testngexamples.TestNGDemo5"/>
  <testcase name="launchBrowser" time="5.046" classname="com.sgtesting.testngexamples.TestNGDemo6"/>
  <testcase name="navigate" time="6.179" classname="com.sgtesting.testngexamples.TestNGDemo6"/>
  <testcase name="login" time="4.482" classname="com.sgtesting.testngexamples.TestNGDemo6"/>
  <testcase name="minimizeFlyoutWindow" time="2.151" classname="com.sgtesting.testngexamples.TestNGDemo6"/>
  <testcase name="createCustomer" time="6.061" classname="com.sgtesting.testngexamples.TestNGDemo6"/>
  <testcase name="createProject" time="7.03" classname="com.sgtesting.testngexamples.TestNGDemo6"/>
  <testcase name="modifyProject" time="0.044" classname="com.sgtesting.testngexamples.TestNGDemo6"/>
  <testcase name="deleteProject" time="0.033" classname="com.sgtesting.testngexamples.TestNGDemo6"/>
  <testcase name="deleteCustomerser" time="2.131" classname="com.sgtesting.testngexamples.TestNGDemo6"/>
  <testcase name="logout" time="18109.855" classname="com.sgtesting.testngexamples.TestNGDemo6"/>
  <testcase name="close" time="16.142" classname="com.sgtesting.testngexamples.TestNGDemo6"/>
  <testcase name="launchBrowser" time="21.324" classname="com.sgtesting.testngexamples.TestNGDemo7"/>
  <testcase name="navigate" time="17.51" classname="com.sgtesting.testngexamples.TestNGDemo7"/>
  <testcase name="login" time="4.508" classname="com.sgtesting.testngexamples.TestNGDemo7"/>
  <testcase name="minimizeFlyoutWindow" time="2.79" classname="com.sgtesting.testngexamples.TestNGDemo7"/>
  <testcase name="createCustomer" time="1.182" classname="com.sgtesting.testngexamples.TestNGDemo7"/>
  <testcase name="createProject" time="0.055" classname="com.sgtesting.testngexamples.TestNGDemo7"/>
  <testcase name="createTask" time="0.046" classname="com.sgtesting.testngexamples.TestNGDemo7"/>
  <testcase name="deleteTask" time="0.045" classname="com.sgtesting.testngexamples.TestNGDemo7"/>
  <testcase name="deleteProject" time="0.088" classname="com.sgtesting.testngexamples.TestNGDemo7"/>
  <testcase name="deleteCustomerser" time="0.048" classname="com.sgtesting.testngexamples.TestNGDemo7"/>
  <testcase name="logout" time="1.183" classname="com.sgtesting.testngexamples.TestNGDemo7"/>
  <testcase name="close" time="12.706" classname="com.sgtesting.testngexamples.TestNGDemo7"/>
</testsuite> <!-- user to tasks -->
